<?xml version="1.0" encoding="UTF-8"?>
<!-- Generated by org.testng.reporters.JUnitXMLReporter -->
<testsuite ignored="0" hostname="MSI" failures="0" tests="3" name="Default test" time="16.445" errors="0" timestamp="2025-03-19T11:53:02 IST">
  <testcase classname="ddtExample.HRMLogin" name="verifyLoginWithMultipleCred" time="0.785"/>
  <testcase classname="ddtExample.HRMLogin" name="verifyLoginWithMultipleCred" time="1.722"/>
  <testcase classname="ddtExample.HRMLogin" name="verifyLoginWithMultipleCred" time="1.482"/>
</testsuite> <!-- Default test -->
