<?xml version="1.0" encoding="UTF-8"?>
<testng-results ignored="0" total="3" passed="3" failed="0" skipped="0">
  <reporter-output>
  </reporter-output>
  <suite started-at="2025-03-19T11:52:45 IST" name="Default suite" finished-at="2025-03-19T11:53:02 IST" duration-ms="16445">
    <groups>
    </groups>
    <test started-at="2025-03-19T11:52:45 IST" name="Default test" finished-at="2025-03-19T11:53:02 IST" duration-ms="16445">
      <class name="ddtExample.HRMLogin">
        <test-method is-config="true" signature="launchApp()[pri:0, instance:ddtExample.HRMLogin@1c7696c6]" started-at="2025-03-19T11:52:45 IST" name="launchApp" finished-at="2025-03-19T11:52:51 IST" duration-ms="5997" status="PASS">
          <reporter-output>
          </reporter-output>
        </test-method> <!-- launchApp -->
        <test-method signature="verifyLoginWithMultipleCred(java.lang.String,java.lang.String)[pri:0, instance:ddtExample.HRMLogin@1c7696c6]" started-at="2025-03-19T11:52:51 IST" name="verifyLoginWithMultipleCred" data-provider="SampleData1" finished-at="2025-03-19T11:52:52 IST" duration-ms="785" status="PASS">
          <params>
            <param index="0">
              <value>
                <![CDATA[usersample1]]>
              </value>
            </param>
            <param index="1">
              <value>
                <![CDATA[password1]]>
              </value>
            </param>
          </params>
          <reporter-output>
          </reporter-output>
        </test-method> <!-- verifyLoginWithMultipleCred -->
        <test-method signature="verifyLoginWithMultipleCred(java.lang.String,java.lang.String)[pri:0, instance:ddtExample.HRMLogin@1c7696c6]" started-at="2025-03-19T11:52:52 IST" name="verifyLoginWithMultipleCred" data-provider="SampleData1" finished-at="2025-03-19T11:52:54 IST" duration-ms="1722" status="PASS">
          <params>
            <param index="0">
              <value>
                <![CDATA[user2]]>
              </value>
            </param>
            <param index="1">
              <value>
                <![CDATA[2131234]]>
              </value>
            </param>
          </params>
          <reporter-output>
          </reporter-output>
        </test-method> <!-- verifyLoginWithMultipleCred -->
        <test-method signature="verifyLoginWithMultipleCred(java.lang.String,java.lang.String)[pri:0, instance:ddtExample.HRMLogin@1c7696c6]" started-at="2025-03-19T11:52:54 IST" name="verifyLoginWithMultipleCred" data-provider="SampleData1" finished-at="2025-03-19T11:52:55 IST" duration-ms="1482" status="PASS">
          <params>
            <param index="0">
              <value>
                <![CDATA[user3]]>
              </value>
            </param>
            <param index="1">
              <value>
                <![CDATA[password3]]>
              </value>
            </param>
          </params>
          <reporter-output>
          </reporter-output>
        </test-method> <!-- verifyLoginWithMultipleCred -->
        <test-method is-config="true" signature="closeApp()[pri:0, instance:ddtExample.HRMLogin@1c7696c6]" started-at="2025-03-19T11:52:55 IST" name="closeApp" finished-at="2025-03-19T11:53:02 IST" duration-ms="6403" status="PASS">
          <reporter-output>
          </reporter-output>
        </test-method> <!-- closeApp -->
      </class> <!-- ddtExample.HRMLogin -->
    </test> <!-- Default test -->
  </suite> <!-- Default suite -->
</testng-results>
